This is pdfTeX, Version 3.141592653-2.6-1.40.22 (TeX Live 2022/dev/Debian) (preloaded format=pdflatex 2026.3.30)  19 APR 2026 19:06
entering extended mode
 restricted \write18 enabled.
 %&-line parsing enabled.
**_syntax_check4.tex
(./_syntax_check4.tex
LaTeX2e <2021-11-15> patch level 1
L3 programming layer <2022-01-21>
(/usr/share/texlive/texmf-dist/tex/latex/base/article.cls
Document Class: article 2021/10/04 v1.4n Standard LaTeX document class
(/usr/share/texlive/texmf-dist/tex/latex/base/size11.clo
File: size11.clo 2021/10/04 v1.4n Standard LaTeX file (size option)
)
\c@part=\count185
\c@section=\count186
\c@subsection=\count187
\c@subsubsection=\count188
\c@paragraph=\count189
\c@subparagraph=\count190
\c@figure=\count191
\c@table=\count192
\abovecaptionskip=\skip47
\belowcaptionskip=\skip48
\bibindent=\dimen138
)
(/usr/share/texlive/texmf-dist/tex/latex/base/fontenc.sty
Package: fontenc 2021/04/29 v2.0v Standard LaTeX package
)
(/usr/share/texlive/texmf-dist/tex/latex/base/inputenc.sty
Package: inputenc 2021/02/14 v1.3d Input encoding file
\inpenc@prehook=\toks16
\inpenc@posthook=\toks17
)
(/usr/share/texlive/texmf-dist/tex/latex/amsmath/amsmath.sty
Package: amsmath 2021/10/15 v2.17l AMS math features
\@mathmargin=\skip49

For additional information on amsmath, use the `?' option.
(/usr/share/texlive/texmf-dist/tex/latex/amsmath/amstext.sty
Package: amstext 2021/08/26 v2.01 AMS text

(/usr/share/texlive/texmf-dist/tex/latex/amsmath/amsgen.sty
File: amsgen.sty 1999/11/30 v2.0 generic functions
\@emptytoks=\toks18
\ex@=\dimen139
))
(/usr/share/texlive/texmf-dist/tex/latex/amsmath/amsbsy.sty
Package: amsbsy 1999/11/29 v1.2d Bold Symbols
\pmbraise@=\dimen140
)
(/usr/share/texlive/texmf-dist/tex/latex/amsmath/amsopn.sty
Package: amsopn 2021/08/26 v2.02 operator names
)
\inf@bad=\count193
LaTeX Info: Redefining \frac on input line 234.
\uproot@=\count194
\leftroot@=\count195
LaTeX Info: Redefining \overline on input line 399.
\classnum@=\count196
\DOTSCASE@=\count197
LaTeX Info: Redefining \ldots on input line 496.
LaTeX Info: Redefining \dots on input line 499.
LaTeX Info: Redefining \cdots on input line 620.
\Mathstrutbox@=\box50
\strutbox@=\box51
\big@size=\dimen141
LaTeX Font Info:    Redeclaring font encoding OML on input line 743.
LaTeX Font Info:    Redeclaring font encoding OMS on input line 744.
\macc@depth=\count198
\c@MaxMatrixCols=\count199
\dotsspace@=\muskip16
\c@parentequation=\count266
\dspbrk@lvl=\count267
\tag@help=\toks19
\row@=\count268
\column@=\count269
\maxfields@=\count270
\andhelp@=\toks20
\eqnshift@=\dimen142
\alignsep@=\dimen143
\tagshift@=\dimen144
\tagwidth@=\dimen145
\totwidth@=\dimen146
\lineht@=\dimen147
\@envbody=\toks21
\multlinegap=\skip50
\multlinetaggap=\skip51
\mathdisplay@stack=\toks22
LaTeX Info: Redefining \[ on input line 2938.
LaTeX Info: Redefining \] on input line 2939.
)
(/usr/share/texlive/texmf-dist/tex/latex/amsfonts/amssymb.sty
Package: amssymb 2013/01/14 v3.01 AMS font symbols

(/usr/share/texlive/texmf-dist/tex/latex/amsfonts/amsfonts.sty
Package: amsfonts 2013/01/14 v3.01 Basic AMSFonts support
\symAMSa=\mathgroup4
\symAMSb=\mathgroup5
LaTeX Font Info:    Redeclaring math symbol \hbar on input line 98.
LaTeX Font Info:    Overwriting math alphabet `\mathfrak' in version `bold'
(Font)                  U/euf/m/n --> U/euf/b/n on input line 106.
))
(/usr/share/texlive/texmf-dist/tex/latex/amscls/amsthm.sty
Package: amsthm 2020/05/29 v2.20.6
\thm@style=\toks23
\thm@bodyfont=\toks24
\thm@headfont=\toks25
\thm@notefont=\toks26
\thm@headpunct=\toks27
\thm@preskip=\skip52
\thm@postskip=\skip53
\thm@headsep=\skip54
\dth@everypar=\toks28
)
(/usr/share/texlive/texmf-dist/tex/latex/mathtools/mathtools.sty
Package: mathtools 2021/02/02 v1.28 mathematical typesetting tools

(/usr/share/texlive/texmf-dist/tex/latex/graphics/keyval.sty
Package: keyval 2014/10/28 v1.15 key=value parser (DPC)
\KV@toks@=\toks29
)
(/usr/share/texlive/texmf-dist/tex/latex/tools/calc.sty
Package: calc 2017/05/25 v4.3 Infix arithmetic (KKT,FJ)
\calc@Acount=\count271
\calc@Bcount=\count272
\calc@Adimen=\dimen148
\calc@Bdimen=\dimen149
\calc@Askip=\skip55
\calc@Bskip=\skip56
LaTeX Info: Redefining \setlength on input line 80.
LaTeX Info: Redefining \addtolength on input line 81.
\calc@Ccount=\count273
\calc@Cskip=\skip57
)
(/usr/share/texlive/texmf-dist/tex/latex/mathtools/mhsetup.sty
Package: mhsetup 2021/03/18 v1.4 programming setup (MH)
)
\g_MT_multlinerow_int=\count274
\l_MT_multwidth_dim=\dimen150
\origjot=\skip58
\l_MT_shortvdotswithinadjustabove_dim=\dimen151
\l_MT_shortvdotswithinadjustbelow_dim=\dimen152
\l_MT_above_intertext_sep=\dimen153
\l_MT_below_intertext_sep=\dimen154
\l_MT_above_shortintertext_sep=\dimen155
\l_MT_below_shortintertext_sep=\dimen156
\xmathstrut@box=\box52
\xmathstrut@dim=\dimen157
)
(/usr/share/texlive/texmf-dist/tex/latex/graphics/graphicx.sty
Package: graphicx 2021/09/16 v1.2d Enhanced LaTeX Graphics (DPC,SPQR)

(/usr/share/texlive/texmf-dist/tex/latex/graphics/graphics.sty
Package: graphics 2021/03/04 v1.4d Standard LaTeX Graphics (DPC,SPQR)

(/usr/share/texlive/texmf-dist/tex/latex/graphics/trig.sty
Package: trig 2021/08/11 v1.11 sin cos tan (DPC)
)
(/usr/share/texlive/texmf-dist/tex/latex/graphics-cfg/graphics.cfg
File: graphics.cfg 2016/06/04 v1.11 sample graphics configuration
)
Package graphics Info: Driver file: pdftex.def on input line 107.

(/usr/share/texlive/texmf-dist/tex/latex/graphics-def/pdftex.def
File: pdftex.def 2020/10/05 v1.2a Graphics/color driver for pdftex
))
\Gin@req@height=\dimen158
\Gin@req@width=\dimen159
)
(/usr/share/texlive/texmf-dist/tex/latex/booktabs/booktabs.sty
Package: booktabs 2020/01/12 v1.61803398 Publication quality tables
\heavyrulewidth=\dimen160
\lightrulewidth=\dimen161
\cmidrulewidth=\dimen162
\belowrulesep=\dimen163
\belowbottomsep=\dimen164
\aboverulesep=\dimen165
\abovetopsep=\dimen166
\cmidrulesep=\dimen167
\cmidrulekern=\dimen168
\defaultaddspace=\dimen169
\@cmidla=\count275
\@cmidlb=\count276
\@aboverulesep=\dimen170
\@belowrulesep=\dimen171
\@thisruleclass=\count277
\@lastruleclass=\count278
\@thisrulewidth=\dimen172
)
(/usr/share/texlive/texmf-dist/tex/latex/multirow/multirow.sty
Package: multirow 2021/03/15 v2.8 Span multiple rows of a table
\multirow@colwidth=\skip59
\multirow@cntb=\count279
\multirow@dima=\skip60
\bigstrutjot=\dimen173
)
(/usr/share/texlive/texmf-dist/tex/latex/tools/array.sty
Package: array 2021/10/04 v2.5f Tabular extension package (FMi)
\col@sep=\dimen174
\ar@mcellbox=\box53
\extrarowheight=\dimen175
\NC@list=\toks30
\extratabsurround=\skip61
\backup@length=\skip62
\ar@cellbox=\box54
)
(/usr/share/texlive/texmf-dist/tex/latex/caption/caption.sty
Package: caption 2020/10/26 v3.5g Customizing captions (AR)

(/usr/share/texlive/texmf-dist/tex/latex/caption/caption3.sty
Package: caption3 2020/10/21 v2.2e caption3 kernel (AR)
\captionmargin=\dimen176
\captionmargin@=\dimen177
\captionwidth=\dimen178
\caption@tempdima=\dimen179
\caption@indent=\dimen180
\caption@parindent=\dimen181
\caption@hangindent=\dimen182
Package caption Info: Standard document class detected.
)
\c@caption@flags=\count280
\c@continuedfloat=\count281
)
(/usr/share/texlive/texmf-dist/tex/latex/xcolor/xcolor.sty
Package: xcolor 2021/10/31 v2.13 LaTeX color extensions (UK)

(/usr/share/texlive/texmf-dist/tex/latex/graphics-cfg/color.cfg
File: color.cfg 2016/01/02 v1.6 sample color configuration
)
Package xcolor Info: Driver file: pdftex.def on input line 227.
Package xcolor Info: Model `cmy' substituted by `cmy0' on input line 1352.
Package xcolor Info: Model `hsb' substituted by `rgb' on input line 1356.
Package xcolor Info: Model `RGB' extended on input line 1368.
Package xcolor Info: Model `HTML' substituted by `rgb' on input line 1370.
Package xcolor Info: Model `Hsb' substituted by `hsb' on input line 1371.
Package xcolor Info: Model `tHsb' substituted by `hsb' on input line 1372.
Package xcolor Info: Model `HSB' substituted by `hsb' on input line 1373.
Package xcolor Info: Model `Gray' substituted by `gray' on input line 1374.
Package xcolor Info: Model `wave' substituted by `hsb' on input line 1375.
)
(/usr/share/texlive/texmf-dist/tex/latex/hyperref/hyperref.sty
Package: hyperref 2021-06-07 v7.00m Hypertext links for LaTeX

(/usr/share/texlive/texmf-dist/tex/generic/ltxcmds/ltxcmds.sty
Package: ltxcmds 2020-05-10 v1.25 LaTeX kernel commands for general use (HO)
)
(/usr/share/texlive/texmf-dist/tex/generic/iftex/iftex.sty
Package: iftex 2020/03/06 v1.0d TeX engine tests
)
(/usr/share/texlive/texmf-dist/tex/generic/pdftexcmds/pdftexcmds.sty
Package: pdftexcmds 2020-06-27 v0.33 Utility functions of pdfTeX for LuaTeX (HO
)

(/usr/share/texlive/texmf-dist/tex/generic/infwarerr/infwarerr.sty
Package: infwarerr 2019/12/03 v1.5 Providing info/warning/error messages (HO)
)
Package pdftexcmds Info: \pdf@primitive is available.
Package pdftexcmds Info: \pdf@ifprimitive is available.
Package pdftexcmds Info: \pdfdraftmode found.
)
(/usr/share/texlive/texmf-dist/tex/generic/kvsetkeys/kvsetkeys.sty
Package: kvsetkeys 2019/12/15 v1.18 Key value parser (HO)
)
(/usr/share/texlive/texmf-dist/tex/generic/kvdefinekeys/kvdefinekeys.sty
Package: kvdefinekeys 2019-12-19 v1.6 Define keys (HO)
)
(/usr/share/texlive/texmf-dist/tex/generic/pdfescape/pdfescape.sty
Package: pdfescape 2019/12/09 v1.15 Implements pdfTeX's escape features (HO)
)
(/usr/share/texlive/texmf-dist/tex/latex/hycolor/hycolor.sty
Package: hycolor 2020-01-27 v1.10 Color options for hyperref/bookmark (HO)
)
(/usr/share/texlive/texmf-dist/tex/latex/letltxmacro/letltxmacro.sty
Package: letltxmacro 2019/12/03 v1.6 Let assignment for LaTeX macros (HO)
)
(/usr/share/texlive/texmf-dist/tex/latex/auxhook/auxhook.sty
Package: auxhook 2019-12-17 v1.6 Hooks for auxiliary files (HO)
)
(/usr/share/texlive/texmf-dist/tex/latex/kvoptions/kvoptions.sty
Package: kvoptions 2020-10-07 v3.14 Key value format for package options (HO)
)
\@linkdim=\dimen183
\Hy@linkcounter=\count282
\Hy@pagecounter=\count283

(/usr/share/texlive/texmf-dist/tex/latex/hyperref/pd1enc.def
File: pd1enc.def 2021-06-07 v7.00m Hyperref: PDFDocEncoding definition (HO)
Now handling font encoding PD1 ...
... no UTF-8 mapping file for font encoding PD1
)
(/usr/share/texlive/texmf-dist/tex/latex/hyperref/hyperref-langpatches.def
File: hyperref-langpatches.def 2021-06-07 v7.00m Hyperref: patches for babel la
nguages
)
(/usr/share/texlive/texmf-dist/tex/generic/intcalc/intcalc.sty
Package: intcalc 2019/12/15 v1.3 Expandable calculations with integers (HO)
)
(/usr/share/texlive/texmf-dist/tex/generic/etexcmds/etexcmds.sty
Package: etexcmds 2019/12/15 v1.7 Avoid name clashes with e-TeX commands (HO)
)
\Hy@SavedSpaceFactor=\count284

(/usr/share/texlive/texmf-dist/tex/latex/hyperref/puenc.def
File: puenc.def 2021-06-07 v7.00m Hyperref: PDF Unicode definition (HO)
Now handling font encoding PU ...
... no UTF-8 mapping file for font encoding PU
)
Package hyperref Info: Option `colorlinks' set `true' on input line 4073.
Package hyperref Info: Hyper figures OFF on input line 4192.
Package hyperref Info: Link nesting OFF on input line 4197.
Package hyperref Info: Hyper index ON on input line 4200.
Package hyperref Info: Plain pages OFF on input line 4207.
Package hyperref Info: Backreferencing OFF on input line 4212.
Package hyperref Info: Implicit mode ON; LaTeX internals redefined.
Package hyperref Info: Bookmarks ON on input line 4445.
\c@Hy@tempcnt=\count285

(/usr/share/texlive/texmf-dist/tex/latex/url/url.sty
\Urlmuskip=\muskip17
Package: url 2013/09/16  ver 3.4  Verb mode for urls, etc.
)
LaTeX Info: Redefining \url on input line 4804.
\XeTeXLinkMargin=\dimen184

(/usr/share/texlive/texmf-dist/tex/generic/bitset/bitset.sty
Package: bitset 2019/12/09 v1.3 Handle bit-vector datatype (HO)

(/usr/share/texlive/texmf-dist/tex/generic/bigintcalc/bigintcalc.sty
Package: bigintcalc 2019/12/15 v1.5 Expandable calculations on big integers (HO
)
))
\Fld@menulength=\count286
\Field@Width=\dimen185
\Fld@charsize=\dimen186
Package hyperref Info: Hyper figures OFF on input line 6076.
Package hyperref Info: Link nesting OFF on input line 6081.
Package hyperref Info: Hyper index ON on input line 6084.
Package hyperref Info: backreferencing OFF on input line 6091.
Package hyperref Info: Link coloring ON on input line 6094.
Package hyperref Info: Link coloring with OCG OFF on input line 6101.
Package hyperref Info: PDF/A mode OFF on input line 6106.
LaTeX Info: Redefining \ref on input line 6146.
LaTeX Info: Redefining \pageref on input line 6150.

(/usr/share/texlive/texmf-dist/tex/latex/base/atbegshi-ltx.sty
Package: atbegshi-ltx 2021/01/10 v1.0c Emulation of the original atbegshi
package with kernel methods
)
\Hy@abspage=\count287
\c@Item=\count288
\c@Hfootnote=\count289
)
Package hyperref Info: Driver (autodetected): hpdftex.

(/usr/share/texlive/texmf-dist/tex/latex/hyperref/hpdftex.def
File: hpdftex.def 2021-06-07 v7.00m Hyperref driver for pdfTeX

(/usr/share/texlive/texmf-dist/tex/latex/base/atveryend-ltx.sty
Package: atveryend-ltx 2020/08/19 v1.0a Emulation of the original atveryend pac
kage
with kernel methods
)
\Fld@listcount=\count290
\c@bookmark@seq@number=\count291

(/usr/share/texlive/texmf-dist/tex/latex/rerunfilecheck/rerunfilecheck.sty
Package: rerunfilecheck 2019/12/05 v1.9 Rerun checks for auxiliary files (HO)

(/usr/share/texlive/texmf-dist/tex/generic/uniquecounter/uniquecounter.sty
Package: uniquecounter 2019/12/15 v1.4 Provide unlimited unique counter (HO)
)
Package uniquecounter Info: New unique counter `rerunfilecheck' on input line 2
86.
)
\Hy@SectionHShift=\skip63
)
\c@theorem=\count292
\c@lemma=\count293
\c@remark=\count294
\c@proposition=\count295
\c@corollary=\count296
\c@definition=\count297

(/usr/share/texlive/texmf-dist/tex/latex/l3backend/l3backend-pdftex.def
File: l3backend-pdftex.def 2022-01-12 L3 backend support: PDF output (pdfTeX)
\l__color_backend_stack_int=\count298
\l__pdf_internal_box=\box55
)
No file _syntax_check4.aux.
\openout1 = `_syntax_check4.aux'.

LaTeX Font Info:    Checking defaults for OML/cmm/m/it on input line 19.
LaTeX Font Info:    ... okay on input line 19.
LaTeX Font Info:    Checking defaults for OMS/cmsy/m/n on input line 19.
LaTeX Font Info:    ... okay on input line 19.
LaTeX Font Info:    Checking defaults for OT1/cmr/m/n on input line 19.
LaTeX Font Info:    ... okay on input line 19.
LaTeX Font Info:    Checking defaults for T1/cmr/m/n on input line 19.
LaTeX Font Info:    ... okay on input line 19.
LaTeX Font Info:    Checking defaults for TS1/cmr/m/n on input line 19.
LaTeX Font Info:    ... okay on input line 19.
LaTeX Font Info:    Checking defaults for OMX/cmex/m/n on input line 19.
LaTeX Font Info:    ... okay on input line 19.
LaTeX Font Info:    Checking defaults for U/cmr/m/n on input line 19.
LaTeX Font Info:    ... okay on input line 19.
LaTeX Font Info:    Checking defaults for PD1/pdf/m/n on input line 19.
LaTeX Font Info:    ... okay on input line 19.
LaTeX Font Info:    Checking defaults for PU/pdf/m/n on input line 19.
LaTeX Font Info:    ... okay on input line 19.
(/usr/share/texlive/texmf-dist/tex/context/base/mkii/supp-pdf.mkii
[Loading MPS to PDF converter (version 2006.09.02).]
\scratchcounter=\count299
\scratchdimen=\dimen187
\scratchbox=\box56
\nofMPsegments=\count300
\nofMParguments=\count301
\everyMPshowfont=\toks31
\MPscratchCnt=\count302
\MPscratchDim=\dimen188
\MPnumerator=\count303
\makeMPintoPDFobject=\count304
\everyMPtoPDFconversion=\toks32
) (/usr/share/texlive/texmf-dist/tex/latex/epstopdf-pkg/epstopdf-base.sty
Package: epstopdf-base 2020-01-24 v2.11 Base part for package epstopdf
Package epstopdf-base Info: Redefining graphics rule for `.eps' on input line 4
85.

(/usr/share/texlive/texmf-dist/tex/latex/latexconfig/epstopdf-sys.cfg
File: epstopdf-sys.cfg 2010/07/13 v1.3 Configuration of (r)epstopdf for TeX Liv
e
))
Package caption Info: Begin \AtBeginDocument code.
Package caption Info: hyperref package is loaded.
Package caption Info: End \AtBeginDocument code.
Package hyperref Info: Link coloring ON on input line 19.

(/usr/share/texlive/texmf-dist/tex/latex/hyperref/nameref.sty
Package: nameref 2021-04-02 v2.47 Cross-referencing by name of section

(/usr/share/texlive/texmf-dist/tex/latex/refcount/refcount.sty
Package: refcount 2019/12/15 v3.6 Data extraction from label references (HO)
)
(/usr/share/texlive/texmf-dist/tex/generic/gettitlestring/gettitlestring.sty
Package: gettitlestring 2019/12/15 v1.6 Cleanup title references (HO)
)
\c@section@level=\count305
)
LaTeX Info: Redefining \ref on input line 19.
LaTeX Info: Redefining \pageref on input line 19.
LaTeX Info: Redefining \nameref on input line 19.
\@outlinefile=\write3
\openout3 = `_syntax_check4.out'.


(/tmp/algo_new.tex
LaTeX Font Info:    Trying to load font information for U+msa on input line 3.
 (/usr/share/texlive/texmf-dist/tex/latex/amsfonts/umsa.fd
File: umsa.fd 2013/01/14 v3.01 AMS symbols A
)
LaTeX Font Info:    Trying to load font information for U+msb on input line 3.

(/usr/share/texlive/texmf-dist/tex/latex/amsfonts/umsb.fd
File: umsb.fd 2013/01/14 v3.01 AMS symbols B
)

LaTeX Warning: Reference `rem:adaptivegap' on page 1 undefined on input line 17
.


LaTeX Warning: Reference `sec:limitations' on page 1 undefined on input line 18
.


LaTeX Font Warning: Font shape `T1/cmr/m/scit' undefined
(Font)              using `T1/cmr/m/sc' instead on input line 28.


LaTeX Warning: Reference `app:proof' on page 1 undefined on input line 43.


LaTeX Warning: Citation `bwk2018' on page 1 undefined on input line 47.


LaTeX Warning: Reference `thm:regret' on page 1 undefined on input line 53.


LaTeX Warning: Reference `tab:headline' on page 1 undefined on input line 57.


LaTeX Warning: Reference `cor:cvar' on page 1 undefined on input line 59.


LaTeX Font Warning: Font shape `T1/cmr/m/scit' undefined
(Font)              using `T1/cmr/m/sc' instead on input line 68.


LaTeX Warning: Reference `thm:regret' on page 1 undefined on input line 69.

[1

{/var/lib/texmf/fonts/map/pdftex/updmap/pdftex.map}]

LaTeX Warning: Reference `app:proof' on page 2 undefined on input line 74.


LaTeX Warning: Reference `sec:evaluation' on page 2 undefined on input line 79.



LaTeX Warning: Citation `dean2008stochastic' on page 2 undefined on input line 
87.


LaTeX Warning: Reference `sec:limitations' on page 2 undefined on input line 95
.


LaTeX Warning: Reference `alg:cbuc' on page 2 undefined on input line 102.


LaTeX Warning: Reference `sec:limitations' on page 2 undefined on input line 10
6.


Overfull \hbox (44.90407pt too wide) detected at line 116
\OML/cmm/m/it/10.95 ^^U[]\OT1/cmr/m/n/10.95 (\OML/cmm/m/it/10.95 t \OT1/cmr/m/n
/10.95 + 1) = []\OML/cmm/m/it/10.95 ^^U[]\OT1/cmr/m/n/10.95 (\OML/cmm/m/it/10.9
5 t\OT1/cmr/m/n/10.95 ) + \OML/cmm/m/it/10.95 ^^Q[][]C[]=B[] \OMS/cmsy/m/n/10.9
5 ^^@ \OT1/cmr/m/n/10.95 1[][][]\OML/cmm/m/it/10.95 ;  ^^U[]\OT1/cmr/m/n/10.95 
(\OML/cmm/m/it/10.95 t \OT1/cmr/m/n/10.95 + 1) = []\OML/cmm/m/it/10.95 ^^U[]\OT
1/cmr/m/n/10.95 (\OML/cmm/m/it/10.95 t\OT1/cmr/m/n/10.95 ) + \OML/cmm/m/it/10.9
5 ^^Q[][]L[]=D[] \OMS/cmsy/m/n/10.95 ^^@ \OT1/cmr/m/n/10.95 1[][][]\OML/cmm/m/i
t/10.95 ;
 []


LaTeX Font Warning: Font shape `T1/cmr/m/scit' undefined
(Font)              using `T1/cmr/m/sc' instead on input line 130.


LaTeX Warning: Citation `agrawal2014bwk' on page 2 undefined on input line 134.


) (./sections/evaluation.tex [2]
LaTeX Font Info:    Trying to load font information for T1+cmtt on input line 1
5.

(/usr/share/texlive/texmf-dist/tex/latex/base/t1cmtt.fd
File: t1cmtt.fd 2019/12/16 v2.5j Standard LaTeX font definitions
)

LaTeX Warning: Reference `sec:threats' on page 3 undefined on input line 19.


Overfull \hbox (47.43106pt too wide) detected at line 26
\OML/cmm/m/it/10.95 K \OMS/cmsy/m/n/10.95 2 f\OT1/cmr/m/n/10.95 10\OML/cmm/m/it
/10.95 ; \OT1/cmr/m/n/10.95 50\OML/cmm/m/it/10.95 ; \OT1/cmr/m/n/10.95 200\OMS/
cmsy/m/n/10.95 g\OML/cmm/m/it/10.95 ;  ^^Z \OT1/cmr/m/n/10.95 = [] \OMS/cmsy/m/
n/10.95 2 f\OT1/cmr/m/n/10.95 0\OML/cmm/m/it/10.95 :\OT1/cmr/m/n/10.95 2\OML/cm
m/m/it/10.95 ; \OT1/cmr/m/n/10.95 0\OML/cmm/m/it/10.95 :\OT1/cmr/m/n/10.95 5\OM
L/cmm/m/it/10.95 ; \OT1/cmr/m/n/10.95 1\OML/cmm/m/it/10.95 :\OT1/cmr/m/n/10.95 
0\OMS/cmsy/m/n/10.95 g\OML/cmm/m/it/10.95 ;   \OMS/cmsy/m/n/10.95 2 f\OT1/cmr/
m/n/10.95 1\OML/cmm/m/it/10.95 :\OT1/cmr/m/n/10.95 5\OML/cmm/m/it/10.95 ; \OT1/
cmr/m/n/10.95 2\OML/cmm/m/it/10.95 :\OT1/cmr/m/n/10.95 5\OMS/cmsy/m/n/10.95 g\O
ML/cmm/m/it/10.95 ;  n \OT1/cmr/m/n/10.95 = 30[]\OML/cmm/m/it/10.95 :
 []


Overfull \hbox (12.87973pt too wide) in paragraph at lines 45--48
[]\T1/cmr/m/n/10.95 Non-adaptive greedy: of-fline rank-ing by the true $\OML/cm
m/m/it/10.95 ^^V[]=\U/msb/m/n/10.95 E\OT1/cmr/m/n/10.95 [\OML/cmm/m/it/10.95 c[
]\OT1/cmr/m/n/10.95 ]$ \T1/cmr/m/n/10.95 with cumulative-
 []

[3]

LaTeX Warning: Citation `mahdavi2012tradeoff' on page 4 undefined on input line
 54.


LaTeX Warning: Citation `agrawal2014bwk' on page 4 undefined on input line 54.


LaTeX Warning: Citation `bwk2018' on page 4 undefined on input line 56.


LaTeX Warning: Citation `tamkin2020cvar' on page 4 undefined on input line 58.


LaTeX Warning: Citation `kleinberg2000stochasticpacking' on page 4 undefined on
 input line 66.


Overfull \hbox (1.27629pt too wide) in paragraph at lines 63--68
[]\T1/cmr/m/n/10.95 Non-adaptive CC-Knapsack (or-a-cle; not de-ploy-able in the
 on-line sense):
 []


LaTeX Warning: Reference `tab:headline' on page 4 undefined on input line 76.


Overfull \hbox (106.8869pt too wide) in paragraph at lines 91--113
 [][] 
 []


LaTeX Warning: Reference `sec:limitations' on page 4 undefined on input line 13
8.

[4]
<figures//budget_overrun_vs_rho.png, id=68, 714.11794pt x 283.65974pt>
File: figures//budget_overrun_vs_rho.png Graphic file (type png)
<use figures//budget_overrun_vs_rho.png>
Package pdftex.def Info: figures//budget_overrun_vs_rho.png  used on input line
 142.
(pdftex.def)             Requested size: 360.0pt x 143.00249pt.
<figures//utility_vs_rho.png, id=70, 714.11794pt x 283.65974pt>
File: figures//utility_vs_rho.png Graphic file (type png)
<use figures//utility_vs_rho.png>
Package pdftex.def Info: figures//utility_vs_rho.png  used on input line 151.
(pdftex.def)             Requested size: 360.0pt x 143.00249pt.
<figures//scaling_K.png, id=71, 425.03793pt x 277.33612pt>
File: figures//scaling_K.png Graphic file (type png)
<use figures//scaling_K.png>
Package pdftex.def Info: figures//scaling_K.png  used on input line 161.
(pdftex.def)             Requested size: 251.9989pt x 164.4267pt.
 [5]

LaTeX Warning: Reference `app:ablations' on page 6 undefined on input line 194.



LaTeX Warning: Reference `tab:abl-abg' on page 6 undefined on input line 201.

[6]

LaTeX Warning: Reference `tab:abl-distract' on page 7 undefined on input line 2
08.


LaTeX Warning: Reference `tab:abl-replay' on page 7 undefined on input line 214
.


LaTeX Warning: Reference `sec:threats' on page 7 undefined on input line 220.

) (./sections/threats.tex [7]

LaTeX Warning: Reference `app:abl-abg' on page 8 undefined on input line 17.


LaTeX Warning: Reference `app:abl-replay' on page 8 undefined on input line 27.



LaTeX Warning: Reference `sec:algorithm' on page 8 undefined on input line 35.


LaTeX Warning: Reference `fig:utility' on page 8 undefined on input line 39.


LaTeX Warning: Reference `rem:gap' on page 8 undefined on input line 45.


LaTeX Warning: Reference `app:ablations' on page 8 undefined on input line 53.


LaTeX Warning: Reference `tab:headline' on page 8 undefined on input line 63.


LaTeX Warning: Reference `sec:limitations' on page 8 undefined on input line 68
.

) (./sections/limitations.tex [8]

LaTeX Warning: Reference `sec:evaluation' on page 9 undefined on input line 18.



LaTeX Warning: Citation `dean2008stochastic' on page 9 undefined on input line 
26.


LaTeX Font Warning: Font shape `T1/cmr/m/scit' undefined
(Font)              using `T1/cmr/m/sc' instead on input line 32.


LaTeX Warning: Reference `prop:cbuc-l' on page 9 undefined on input line 32.


LaTeX Warning: Reference `sec:cbuc-l' on page 9 undefined on input line 34.


LaTeX Warning: Citation `agrawal2014bwk' on page 9 undefined on input line 36.


LaTeX Warning: Reference `rem:adaptivegap' on page 9 undefined on input line 40
.


LaTeX Warning: Reference `cor:cvar' on page 9 undefined on input line 45.

) (./sections/conclusion.tex [9]

LaTeX Warning: Reference `sec:cbuc-l' on page 10 undefined on input line 26.


Overfull \hbox (6.05861pt too wide) in paragraph at lines 4--33
\T1/cmr/m/n/10.95 dual, CVaR-\T1/cmr/m/sc/10.95 BwK\T1/cmr/m/n/10.95 , a de-ter
-min-is-tic pre-check UCB, and a non-adaptive chance-
 []

) (./sections/appendix.tex

LaTeX Warning: Reference `thm:regret' on page 10 undefined on input line 1.

[10]
Overfull \hbox (7.14857pt too wide) in paragraph at lines 25--27
 []\T1/cmr/bx/n/10.95 L1 (two-resource empirical-Bernstein con-cen-tra-tion).[]
 \T1/cmr/m/n/10.95 Un-der as-sump-
 []


LaTeX Warning: Reference `eq:L1' on page 11 undefined on input line 37.


Overfull \hbox (0.9297pt too wide) in paragraph at lines 35--46
\T1/cmr/m/n/10.95 (Maurer--Pontil, Audibert--Munos--Szepesvári). A union bound 
over the three
 []


Overfull \hbox (9.86542pt too wide) in paragraph at lines 48--51
 []\T1/cmr/bx/n/10.95 L2 (fea-si-bil-ity preser-va-tion un-der bud-get shrink-a
ge).[] \T1/cmr/m/n/10.95 Let $\OML/cmm/m/it/10.95 x[] \OMS/cmsy/m/n/10.95 2 f\O
T1/cmr/m/n/10.95 0\OML/cmm/m/it/10.95 ; \OT1/cmr/m/n/10.95 1\OMS/cmsy/m/n/10.95
 g[]$
 []


LaTeX Warning: Citation `agrawal2014bwk' on page 11 undefined on input line 77.



LaTeX Warning: Citation `bwk2018' on page 11 undefined on input line 77.


LaTeX Warning: Reference `eq:ucb' on page 11 undefined on input line 82.

[11]

LaTeX Warning: Citation `bwk2018' on page 12 undefined on input line 92.


LaTeX Warning: Reference `thm:regret' on page 12 undefined on input line 112.


LaTeX Warning: Reference `eq:ucb' on page 12 undefined on input line 119.

[12]

LaTeX Warning: Reference `cor:cvar' on page 13 undefined on input line 133.


LaTeX Warning: Reference `thm:regret' on page 13 undefined on input line 140.


LaTeX Warning: Reference `sec:evaluation' on page 13 undefined on input line 14
8.


Package hyperref Warning: Token not allowed in a PDF string (Unicode):
(hyperref)                removing `math shift' on input line 153.


Package hyperref Warning: Token not allowed in a PDF string (Unicode):
(hyperref)                removing `\alpha' on input line 153.


Package hyperref Warning: Token not allowed in a PDF string (Unicode):
(hyperref)                removing `math shift' on input line 153.


Package hyperref Warning: Token not allowed in a PDF string (Unicode):
(hyperref)                removing `math shift' on input line 153.


Package hyperref Warning: Token not allowed in a PDF string (Unicode):
(hyperref)                removing `\beta' on input line 153.


Package hyperref Warning: Token not allowed in a PDF string (Unicode):
(hyperref)                removing `math shift' on input line 153.


Package hyperref Warning: Token not allowed in a PDF string (Unicode):
(hyperref)                removing `math shift' on input line 153.


Package hyperref Warning: Token not allowed in a PDF string (Unicode):
(hyperref)                removing `\gamma' on input line 153.


Package hyperref Warning: Token not allowed in a PDF string (Unicode):
(hyperref)                removing `math shift' on input line 153.


LaTeX Warning: Reference `tab:abl-abg' on page 13 undefined on input line 196.


LaTeX Warning: Reference `fig:abl-abg' on page 13 undefined on input line 201.

<figures//ablation_abg.png, id=142, 930.47626pt x 263.33382pt>
File: figures//ablation_abg.png Graphic file (type png)
<use figures//ablation_abg.png>
Package pdftex.def Info: figures//ablation_abg.png  used on input line 207.
(pdftex.def)             Requested size: 360.0pt x 101.88007pt.

LaTeX Warning: Reference `tab:abl-distract' on page 13 undefined on input line 
263.


LaTeX Warning: Reference `fig:abl-distract' on page 13 undefined on input line 
272.

[13]
<figures//ablation_distractors.png, id=155, 786.38794pt x 270.5608pt>
File: figures//ablation_distractors.png Graphic file (type png)
<use figures//ablation_distractors.png>
Package pdftex.def Info: figures//ablation_distractors.png  used on input line 
276.
(pdftex.def)             Requested size: 360.0pt x 123.86086pt.


LaTeX Warning: Reference `sec:threats' on page 14 undefined on input line 307.

[14]

LaTeX Warning: Reference `tab:abl-replay' on page 15 undefined on input line 34
1.


LaTeX Warning: Reference `fig:abl-replay' on page 15 undefined on input line 35
1.

<figures//ablation_replay.png, id=163, 858.65794pt x 285.91818pt>
File: figures//ablation_replay.png Graphic file (type png)
<use figures//ablation_replay.png>
Package pdftex.def Info: figures//ablation_replay.png  used on input line 355.
(pdftex.def)             Requested size: 360.0pt x 119.8754pt.
) [15] [16] [17] (./_syntax_check4.aux)

LaTeX Warning: There were undefined references.


LaTeX Warning: Label(s) may have changed. Rerun to get cross-references right.


Package rerunfilecheck Warning: File `_syntax_check4.out' has changed.
(rerunfilecheck)                Rerun to get outlines right
(rerunfilecheck)                or use package `bookmark'.

Package rerunfilecheck Info: Checksums for `_syntax_check4.out':
(rerunfilecheck)             Before: <no file>
(rerunfilecheck)             After:  DE05BB1BE94713A81879DA48F6C11B16;3326.
 ) 
Here is how much of TeX's memory you used:
 12454 strings out of 480247
 197331 string characters out of 5896151
 488850 words of memory out of 5000000
 30113 multiletter control sequences out of 15000+600000
 493794 words of font info for 88 fonts, out of 8000000 for 9000
 14 hyphenation exceptions out of 8191
 60i,11n,63p,482b,424s stack positions out of 5000i,500n,10000p,200000b,80000s

pdfTeX warning: \pdfdraftmode enabled, not changing output pdf

PDF statistics:
 181 PDF objects out of 1000 (max. 8388607)
 88 named destinations out of 1000 (max. 500000)
 31 words of extra memory for PDF output out of 10000 (max. 10000000)

